<?xml version="1.0" encoding="UTF-8"?>
<testsuite name="numbersgroovy.ListSorterTest" tests="1" skipped="0" failures="0" errors="0" timestamp="2021-12-08T23:05:05" hostname="DESKTOP-JT674NH" time="0.015">
  <properties/>
  <testcase name="sort()" classname="numbersgroovy.ListSorterTest" time="0.015"/>
  <system-out><![CDATA[]]></system-out>
  <system-err><![CDATA[]]></system-err>
</testsuite>
