<?xml version="1.0" encoding="UTF-8"?>
<testsuite name="numbersgroovy.ListDeduplicatorTest" tests="1" skipped="0" failures="0" errors="0" timestamp="2021-12-08T23:05:05" hostname="DESKTOP-JT674NH" time="0.009">
  <properties/>
  <testcase name="deduplicate" classname="numbersgroovy.ListDeduplicatorTest" time="0.009"/>
  <system-out><![CDATA[]]></system-out>
  <system-err><![CDATA[]]></system-err>
</testsuite>
