<?xml version="1.0" encoding="UTF-8"?>
<testsuite name="com.aor.designpattern.TransformUndo" tests="1" skipped="0" failures="0" errors="0" timestamp="2021-12-08T23:33:20" hostname="DESKTOP-JT674NH" time="0.027">
  <properties/>
  <testcase name="transformUndo()" classname="com.aor.designpattern.TransformUndo" time="0.027"/>
  <system-out><![CDATA[]]></system-out>
  <system-err><![CDATA[]]></system-err>
</testsuite>
